2024-01-24 00:40:12.575 [main] INFO  com.qfedu.fmmall.ApiApplication - Starting ApiApplication using Java 1.8.0_391 on DESKTOP-ISOF7GB with PID 4880 (E:\projects\fmmall\api\target\classes started by A3452 in E:\projects\fmmall)
2024-01-24 00:40:12.578 [main] INFO  com.qfedu.fmmall.ApiApplication - No active profile set, falling back to 1 default profile: "default"
2024-01-24 00:40:13.556 [main] INFO  o.s.boot.web.embedded.tomcat.TomcatWebServer - Tomcat initialized with port(s): 8080 (http)
2024-01-24 00:40:13.561 [main] INFO  org.apache.coyote.http11.Http11NioProtocol - Initializing ProtocolHandler ["http-nio-8080"]
2024-01-24 00:40:13.562 [main] INFO  org.apache.catalina.core.StandardService - Starting service [Tomcat]
2024-01-24 00:40:13.562 [main] INFO  org.apache.catalina.core.StandardEngine - Starting Servlet engine: [Apache Tomcat/9.0.80]
2024-01-24 00:40:13.678 [main] INFO  o.a.c.core.ContainerBase.[Tomcat].[localhost].[/] - Initializing Spring embedded WebApplicationContext
2024-01-24 00:40:13.678 [main] INFO  o.s.b.w.s.c.ServletWebServerApplicationContext - Root WebApplicationContext: initialization completed in 1065 ms
2024-01-24 00:40:13.732 [main] INFO  c.a.d.s.b.a.DruidDataSourceAutoConfigure - Init DruidDataSource
2024-01-24 00:40:13.780 [main] INFO  org.apache.catalina.core.StandardService - Stopping service [Tomcat]
2024-01-24 00:40:13.795 [main] INFO  o.s.b.a.l.ConditionEvaluationReportLoggingListener - 

Error starting ApplicationContext. To display the conditions report re-run your application with 'debug' enabled.
2024-01-24 00:40:40.275 [main] INFO  com.qfedu.fmmall.ApiApplication - Starting ApiApplication using Java 1.8.0_391 on DESKTOP-ISOF7GB with PID 14144 (E:\projects\fmmall\api\target\classes started by A3452 in E:\projects\fmmall)
2024-01-24 00:40:40.278 [main] INFO  com.qfedu.fmmall.ApiApplication - No active profile set, falling back to 1 default profile: "default"
2024-01-24 00:40:41.377 [main] INFO  o.s.boot.web.embedded.tomcat.TomcatWebServer - Tomcat initialized with port(s): 8080 (http)
2024-01-24 00:40:41.382 [main] INFO  org.apache.coyote.http11.Http11NioProtocol - Initializing ProtocolHandler ["http-nio-8080"]
2024-01-24 00:40:41.383 [main] INFO  org.apache.catalina.core.StandardService - Starting service [Tomcat]
2024-01-24 00:40:41.383 [main] INFO  org.apache.catalina.core.StandardEngine - Starting Servlet engine: [Apache Tomcat/9.0.80]
2024-01-24 00:40:41.515 [main] INFO  o.a.c.core.ContainerBase.[Tomcat].[localhost].[/] - Initializing Spring embedded WebApplicationContext
2024-01-24 00:40:41.515 [main] INFO  o.s.b.w.s.c.ServletWebServerApplicationContext - Root WebApplicationContext: initialization completed in 1191 ms
2024-01-24 00:40:41.575 [main] INFO  c.a.d.s.b.a.DruidDataSourceAutoConfigure - Init DruidDataSource
2024-01-24 00:40:41.631 [main] INFO  org.apache.catalina.core.StandardService - Stopping service [Tomcat]
2024-01-24 00:40:41.648 [main] INFO  o.s.b.a.l.ConditionEvaluationReportLoggingListener - 

Error starting ApplicationContext. To display the conditions report re-run your application with 'debug' enabled.
2024-01-24 00:45:50.299 [main] INFO  com.qfedu.fmmall.ApiApplication - Starting ApiApplication using Java 1.8.0_391 on DESKTOP-ISOF7GB with PID 3676 (E:\projects\fmmall\api\target\classes started by A3452 in E:\projects\fmmall)
2024-01-24 00:45:50.302 [main] INFO  com.qfedu.fmmall.ApiApplication - No active profile set, falling back to 1 default profile: "default"
2024-01-24 00:45:51.288 [main] INFO  o.s.boot.web.embedded.tomcat.TomcatWebServer - Tomcat initialized with port(s): 8080 (http)
2024-01-24 00:45:51.293 [main] INFO  org.apache.coyote.http11.Http11NioProtocol - Initializing ProtocolHandler ["http-nio-8080"]
2024-01-24 00:45:51.294 [main] INFO  org.apache.catalina.core.StandardService - Starting service [Tomcat]
2024-01-24 00:45:51.294 [main] INFO  org.apache.catalina.core.StandardEngine - Starting Servlet engine: [Apache Tomcat/9.0.80]
2024-01-24 00:45:51.411 [main] INFO  o.a.c.core.ContainerBase.[Tomcat].[localhost].[/] - Initializing Spring embedded WebApplicationContext
2024-01-24 00:45:51.411 [main] INFO  o.s.b.w.s.c.ServletWebServerApplicationContext - Root WebApplicationContext: initialization completed in 1076 ms
2024-01-24 00:45:51.466 [main] INFO  c.a.d.s.b.a.DruidDataSourceAutoConfigure - Init DruidDataSource
2024-01-24 00:45:51.937 [main] INFO  com.alibaba.druid.pool.DruidDataSource - {dataSource-1} inited
2024-01-24 00:45:52.726 [main] INFO  s.d.s.w.PropertySourcedRequestMappingHandlerMapping - Mapped URL path [/v2/api-docs] onto method [springfox.documentation.swagger2.web.Swagger2Controller#getDocumentation(String, HttpServletRequest)]
2024-01-24 00:45:52.901 [main] INFO  t.mybatis.mapper.autoconfigure.MapperCacheDisabler - Clear tk.mybatis.mapper.util.MsUtil CLASS_CACHE cache.
2024-01-24 00:45:52.902 [main] INFO  t.mybatis.mapper.autoconfigure.MapperCacheDisabler - Clear tk.mybatis.mapper.genid.GenIdUtil CACHE cache.
2024-01-24 00:45:52.902 [main] INFO  t.mybatis.mapper.autoconfigure.MapperCacheDisabler - Clear tk.mybatis.mapper.version.VersionUtil CACHE cache.
2024-01-24 00:45:52.902 [main] INFO  t.mybatis.mapper.autoconfigure.MapperCacheDisabler - Clear EntityHelper entityTableMap cache.
2024-01-24 00:45:52.985 [main] INFO  org.apache.coyote.http11.Http11NioProtocol - Starting ProtocolHandler ["http-nio-8080"]
2024-01-24 00:45:52.997 [main] INFO  o.s.boot.web.embedded.tomcat.TomcatWebServer - Tomcat started on port(s): 8080 (http) with context path ''
2024-01-24 00:45:52.998 [main] INFO  s.d.s.web.plugins.DocumentationPluginsBootstrapper - Context refreshed
2024-01-24 00:45:53.010 [main] INFO  s.d.s.web.plugins.DocumentationPluginsBootstrapper - Found 1 custom documentation plugin(s)
2024-01-24 00:45:53.033 [main] INFO  s.d.spring.web.scanners.ApiListingReferenceScanner - Scanning for api listing references
2024-01-24 00:45:53.145 [main] INFO  s.d.s.w.r.operation.CachingOperationNameGenerator - Generating unique operation named: listUsingGET_1
2024-01-24 00:45:53.169 [main] INFO  com.qfedu.fmmall.ApiApplication - Started ApiApplication in 3.281 seconds (JVM running for 3.907)
2024-01-24 00:46:08.507 [SpringApplicationShutdownHook] INFO  com.alibaba.druid.pool.DruidDataSource - {dataSource-1} closing ...
2024-01-24 00:46:08.509 [SpringApplicationShutdownHook] INFO  com.alibaba.druid.pool.DruidDataSource - {dataSource-1} closed
2024-01-24 00:46:10.727 [main] INFO  com.qfedu.fmmall.ApiApplication - Starting ApiApplication using Java 1.8.0_391 on DESKTOP-ISOF7GB with PID 9072 (E:\projects\fmmall\api\target\classes started by A3452 in E:\projects\fmmall)
2024-01-24 00:46:10.730 [main] INFO  com.qfedu.fmmall.ApiApplication - No active profile set, falling back to 1 default profile: "default"
2024-01-24 00:46:11.734 [main] INFO  o.s.boot.web.embedded.tomcat.TomcatWebServer - Tomcat initialized with port(s): 8080 (http)
2024-01-24 00:46:11.738 [main] INFO  org.apache.coyote.http11.Http11NioProtocol - Initializing ProtocolHandler ["http-nio-8080"]
2024-01-24 00:46:11.739 [main] INFO  org.apache.catalina.core.StandardService - Starting service [Tomcat]
2024-01-24 00:46:11.739 [main] INFO  org.apache.catalina.core.StandardEngine - Starting Servlet engine: [Apache Tomcat/9.0.80]
2024-01-24 00:46:11.859 [main] INFO  o.a.c.core.ContainerBase.[Tomcat].[localhost].[/] - Initializing Spring embedded WebApplicationContext
2024-01-24 00:46:11.860 [main] INFO  o.s.b.w.s.c.ServletWebServerApplicationContext - Root WebApplicationContext: initialization completed in 1093 ms
2024-01-24 00:46:11.913 [main] INFO  c.a.d.s.b.a.DruidDataSourceAutoConfigure - Init DruidDataSource
2024-01-24 00:46:12.405 [main] INFO  com.alibaba.druid.pool.DruidDataSource - {dataSource-1} inited
2024-01-24 00:46:13.211 [main] INFO  s.d.s.w.PropertySourcedRequestMappingHandlerMapping - Mapped URL path [/v2/api-docs] onto method [springfox.documentation.swagger2.web.Swagger2Controller#getDocumentation(String, HttpServletRequest)]
2024-01-24 00:46:13.387 [main] INFO  t.mybatis.mapper.autoconfigure.MapperCacheDisabler - Clear tk.mybatis.mapper.util.MsUtil CLASS_CACHE cache.
2024-01-24 00:46:13.388 [main] INFO  t.mybatis.mapper.autoconfigure.MapperCacheDisabler - Clear tk.mybatis.mapper.genid.GenIdUtil CACHE cache.
2024-01-24 00:46:13.388 [main] INFO  t.mybatis.mapper.autoconfigure.MapperCacheDisabler - Clear tk.mybatis.mapper.version.VersionUtil CACHE cache.
2024-01-24 00:46:13.388 [main] INFO  t.mybatis.mapper.autoconfigure.MapperCacheDisabler - Clear EntityHelper entityTableMap cache.
2024-01-24 00:46:13.475 [main] INFO  org.apache.coyote.http11.Http11NioProtocol - Starting ProtocolHandler ["http-nio-8080"]
2024-01-24 00:46:13.487 [main] INFO  o.s.boot.web.embedded.tomcat.TomcatWebServer - Tomcat started on port(s): 8080 (http) with context path ''
2024-01-24 00:46:13.488 [main] INFO  s.d.s.web.plugins.DocumentationPluginsBootstrapper - Context refreshed
2024-01-24 00:46:13.500 [main] INFO  s.d.s.web.plugins.DocumentationPluginsBootstrapper - Found 1 custom documentation plugin(s)
2024-01-24 00:46:13.523 [main] INFO  s.d.spring.web.scanners.ApiListingReferenceScanner - Scanning for api listing references
2024-01-24 00:46:13.637 [main] INFO  s.d.s.w.r.operation.CachingOperationNameGenerator - Generating unique operation named: listUsingGET_1
2024-01-24 00:46:13.662 [main] INFO  com.qfedu.fmmall.ApiApplication - Started ApiApplication in 3.35 seconds (JVM running for 3.979)
2024-01-24 00:46:16.669 [SpringApplicationShutdownHook] INFO  com.alibaba.druid.pool.DruidDataSource - {dataSource-1} closing ...
2024-01-24 00:46:16.672 [SpringApplicationShutdownHook] INFO  com.alibaba.druid.pool.DruidDataSource - {dataSource-1} closed
2024-01-24 00:48:11.490 [main] INFO  com.qfedu.fmmall.ApiApplication - Starting ApiApplication using Java 1.8.0_391 on DESKTOP-ISOF7GB with PID 11744 (E:\projects\fmmall\api\target\classes started by A3452 in E:\projects\fmmall)
2024-01-24 00:48:11.493 [main] INFO  com.qfedu.fmmall.ApiApplication - No active profile set, falling back to 1 default profile: "default"
2024-01-24 00:48:12.469 [main] INFO  o.s.boot.web.embedded.tomcat.TomcatWebServer - Tomcat initialized with port(s): 8080 (http)
2024-01-24 00:48:12.474 [main] INFO  org.apache.coyote.http11.Http11NioProtocol - Initializing ProtocolHandler ["http-nio-8080"]
2024-01-24 00:48:12.475 [main] INFO  org.apache.catalina.core.StandardService - Starting service [Tomcat]
2024-01-24 00:48:12.475 [main] INFO  org.apache.catalina.core.StandardEngine - Starting Servlet engine: [Apache Tomcat/9.0.80]
2024-01-24 00:48:12.591 [main] INFO  o.a.c.core.ContainerBase.[Tomcat].[localhost].[/] - Initializing Spring embedded WebApplicationContext
2024-01-24 00:48:12.591 [main] INFO  o.s.b.w.s.c.ServletWebServerApplicationContext - Root WebApplicationContext: initialization completed in 1065 ms
2024-01-24 00:48:12.645 [main] INFO  c.a.d.s.b.a.DruidDataSourceAutoConfigure - Init DruidDataSource
2024-01-24 00:48:13.114 [main] INFO  com.alibaba.druid.pool.DruidDataSource - {dataSource-1} inited
2024-01-24 00:48:13.875 [main] INFO  s.d.s.w.PropertySourcedRequestMappingHandlerMapping - Mapped URL path [/v2/api-docs] onto method [springfox.documentation.swagger2.web.Swagger2Controller#getDocumentation(String, HttpServletRequest)]
2024-01-24 00:48:14.046 [main] INFO  t.mybatis.mapper.autoconfigure.MapperCacheDisabler - Clear tk.mybatis.mapper.util.MsUtil CLASS_CACHE cache.
2024-01-24 00:48:14.046 [main] INFO  t.mybatis.mapper.autoconfigure.MapperCacheDisabler - Clear tk.mybatis.mapper.genid.GenIdUtil CACHE cache.
2024-01-24 00:48:14.046 [main] INFO  t.mybatis.mapper.autoconfigure.MapperCacheDisabler - Clear tk.mybatis.mapper.version.VersionUtil CACHE cache.
2024-01-24 00:48:14.047 [main] INFO  t.mybatis.mapper.autoconfigure.MapperCacheDisabler - Clear EntityHelper entityTableMap cache.
2024-01-24 00:48:14.133 [main] INFO  org.apache.coyote.http11.Http11NioProtocol - Starting ProtocolHandler ["http-nio-8080"]
2024-01-24 00:48:14.144 [main] INFO  o.s.boot.web.embedded.tomcat.TomcatWebServer - Tomcat started on port(s): 8080 (http) with context path ''
2024-01-24 00:48:14.145 [main] INFO  s.d.s.web.plugins.DocumentationPluginsBootstrapper - Context refreshed
2024-01-24 00:48:14.158 [main] INFO  s.d.s.web.plugins.DocumentationPluginsBootstrapper - Found 1 custom documentation plugin(s)
2024-01-24 00:48:14.181 [main] INFO  s.d.spring.web.scanners.ApiListingReferenceScanner - Scanning for api listing references
2024-01-24 00:48:14.294 [main] INFO  s.d.s.w.r.operation.CachingOperationNameGenerator - Generating unique operation named: listUsingGET_1
2024-01-24 00:48:14.318 [main] INFO  com.qfedu.fmmall.ApiApplication - Started ApiApplication in 3.244 seconds (JVM running for 3.861)
2024-01-24 00:48:24.850 [SpringApplicationShutdownHook] INFO  com.alibaba.druid.pool.DruidDataSource - {dataSource-1} closing ...
2024-01-24 00:48:24.853 [SpringApplicationShutdownHook] INFO  com.alibaba.druid.pool.DruidDataSource - {dataSource-1} closed
2024-01-24 00:48:44.190 [main] INFO  com.qfedu.fmmall.ApiApplication - Starting ApiApplication using Java 1.8.0_391 on DESKTOP-ISOF7GB with PID 13772 (E:\projects\fmmall\api\target\classes started by A3452 in E:\projects\fmmall)
2024-01-24 00:48:44.193 [main] INFO  com.qfedu.fmmall.ApiApplication - No active profile set, falling back to 1 default profile: "default"
2024-01-24 00:48:45.168 [main] INFO  o.s.boot.web.embedded.tomcat.TomcatWebServer - Tomcat initialized with port(s): 8080 (http)
2024-01-24 00:48:45.172 [main] INFO  org.apache.coyote.http11.Http11NioProtocol - Initializing ProtocolHandler ["http-nio-8080"]
2024-01-24 00:48:45.173 [main] INFO  org.apache.catalina.core.StandardService - Starting service [Tomcat]
2024-01-24 00:48:45.173 [main] INFO  org.apache.catalina.core.StandardEngine - Starting Servlet engine: [Apache Tomcat/9.0.80]
2024-01-24 00:48:45.292 [main] INFO  o.a.c.core.ContainerBase.[Tomcat].[localhost].[/] - Initializing Spring embedded WebApplicationContext
2024-01-24 00:48:45.292 [main] INFO  o.s.b.w.s.c.ServletWebServerApplicationContext - Root WebApplicationContext: initialization completed in 1066 ms
2024-01-24 00:48:45.346 [main] INFO  c.a.d.s.b.a.DruidDataSourceAutoConfigure - Init DruidDataSource
2024-01-24 00:48:45.814 [main] INFO  com.alibaba.druid.pool.DruidDataSource - {dataSource-1} inited
2024-01-24 00:48:46.580 [main] INFO  s.d.s.w.PropertySourcedRequestMappingHandlerMapping - Mapped URL path [/v2/api-docs] onto method [springfox.documentation.swagger2.web.Swagger2Controller#getDocumentation(String, HttpServletRequest)]
2024-01-24 00:48:46.754 [main] INFO  t.mybatis.mapper.autoconfigure.MapperCacheDisabler - Clear tk.mybatis.mapper.util.MsUtil CLASS_CACHE cache.
2024-01-24 00:48:46.755 [main] INFO  t.mybatis.mapper.autoconfigure.MapperCacheDisabler - Clear tk.mybatis.mapper.genid.GenIdUtil CACHE cache.
2024-01-24 00:48:46.755 [main] INFO  t.mybatis.mapper.autoconfigure.MapperCacheDisabler - Clear tk.mybatis.mapper.version.VersionUtil CACHE cache.
2024-01-24 00:48:46.755 [main] INFO  t.mybatis.mapper.autoconfigure.MapperCacheDisabler - Clear EntityHelper entityTableMap cache.
2024-01-24 00:48:46.840 [main] INFO  org.apache.coyote.http11.Http11NioProtocol - Starting ProtocolHandler ["http-nio-8080"]
2024-01-24 00:48:46.852 [main] INFO  o.s.boot.web.embedded.tomcat.TomcatWebServer - Tomcat started on port(s): 8080 (http) with context path ''
2024-01-24 00:48:46.853 [main] INFO  s.d.s.web.plugins.DocumentationPluginsBootstrapper - Context refreshed
2024-01-24 00:48:46.866 [main] INFO  s.d.s.web.plugins.DocumentationPluginsBootstrapper - Found 1 custom documentation plugin(s)
2024-01-24 00:48:46.889 [main] INFO  s.d.spring.web.scanners.ApiListingReferenceScanner - Scanning for api listing references
2024-01-24 00:48:47.000 [main] INFO  s.d.s.w.r.operation.CachingOperationNameGenerator - Generating unique operation named: listUsingGET_1
2024-01-24 00:48:47.024 [main] INFO  com.qfedu.fmmall.ApiApplication - Started ApiApplication in 3.241 seconds (JVM running for 3.895)
2024-01-24 00:48:51.706 [SpringApplicationShutdownHook] INFO  com.alibaba.druid.pool.DruidDataSource - {dataSource-1} closing ...
2024-01-24 00:48:51.709 [SpringApplicationShutdownHook] INFO  com.alibaba.druid.pool.DruidDataSource - {dataSource-1} closed
